<?xml version="1.0" encoding="UTF-8"?>
<!-- Generated by org.testng.reporters.JUnitReportReporter -->
<testsuite skipped="0" hostname="LTIN3096" name="restAPIBDD.PostRequest" tests="1" failures="0" timestamp="10 Dec 2022 03:05:09 GMT" time="1.788" errors="0">
  <testcase name="test1" time="1.788" classname="restAPIBDD.PostRequest"/>
</testsuite> <!-- restAPIBDD.PostRequest -->
