<?xml version="1.0" encoding="UTF-8"?>
<!-- Generated by org.testng.reporters.JUnitReportReporter -->
<testsuite skipped="0" hostname="LTIN3096" name="restAPI.PostRequestWithFile" tests="1" failures="0" timestamp="08 Dec 2022 16:26:55 GMT" time="1.353" errors="0">
  <testcase name="test1" time="1.353" classname="restAPI.PostRequestWithFile"/>
</testsuite> <!-- restAPI.PostRequestWithFile -->
