<?xml version="1.0" encoding="UTF-8"?>
<!-- Generated by org.testng.reporters.JUnitReportReporter -->
<testsuite skipped="0" hostname="LTIN3096" name="restAPI.GetRequestWithParam" tests="1" failures="0" timestamp="08 Dec 2022 12:01:14 GMT" time="1.509" errors="0">
  <testcase name="test1" time="1.509" classname="restAPI.GetRequestWithParam"/>
</testsuite> <!-- restAPI.GetRequestWithParam -->
