<?xml version="1.0" encoding="UTF-8"?>
<!-- Generated by org.testng.reporters.JUnitReportReporter -->
<testsuite skipped="0" hostname="LTIN3096" name="restAPIBDD.GetRequest" tests="1" failures="0" timestamp="09 Dec 2022 05:02:31 GMT" time="1.196" errors="0">
  <testcase name="test1" time="1.196" classname="restAPIBDD.GetRequest"/>
</testsuite> <!-- restAPIBDD.GetRequest -->
