<?xml version="1.0" encoding="UTF-8"?>
<!-- Generated by org.testng.reporters.JUnitReportReporter -->
<testsuite skipped="0" hostname="LTIN3096" name="restAPI.PostRequest" tests="1" failures="0" timestamp="08 Dec 2022 13:03:59 GMT" time="1.413" errors="0">
  <testcase name="test1" time="1.413" classname="restAPI.PostRequest"/>
</testsuite> <!-- restAPI.PostRequest -->
