<?xml version="1.0" encoding="UTF-8"?>
<!-- Generated by org.testng.reporters.JUnitReportReporter -->
<testsuite skipped="0" hostname="LTIN3096" name="restAPI.PostRequestWithMap" tests="1" failures="0" timestamp="08 Dec 2022 13:12:27 GMT" time="1.500" errors="0">
  <testcase name="test1" time="1.500" classname="restAPI.PostRequestWithMap"/>
</testsuite> <!-- restAPI.PostRequestWithMap -->
