<?xml version="1.0" encoding="UTF-8"?>
<!-- Generated by org.testng.reporters.JUnitReportReporter -->
<testsuite skipped="0" hostname="LTIN3096" name="restAPI.GetRequest" tests="1" failures="0" timestamp="08 Dec 2022 12:05:09 GMT" time="1.503" errors="0">
  <testcase name="test1" time="1.503" classname="restAPI.GetRequest"/>
</testsuite> <!-- restAPI.GetRequest -->
