<?xml version="1.0" encoding="UTF-8"?>
<!-- Generated by org.testng.reporters.JUnitReportReporter -->
<testsuite skipped="0" hostname="LTIN3096" name="restAPI.DeleteRequest" tests="1" failures="0" timestamp="08 Dec 2022 16:43:36 GMT" time="1.319" errors="0">
  <testcase name="test1" time="1.319" classname="restAPI.DeleteRequest"/>
</testsuite> <!-- restAPI.DeleteRequest -->
