<?xml version="1.0" encoding="UTF-8"?>
<!-- Generated by org.testng.reporters.JUnitReportReporter -->
<testsuite skipped="0" hostname="LTIN3096" name="restAPIXML.XMLExample" tests="1" failures="0" timestamp="08 Dec 2022 17:05:58 GMT" time="1.844" errors="0">
  <testcase name="test1" time="1.844" classname="restAPIXML.XMLExample"/>
</testsuite> <!-- restAPIXML.XMLExample -->
