<?xml version="1.0" encoding="UTF-8"?>
<!-- Generated by org.testng.reporters.JUnitReportReporter -->
<testsuite skipped="0" hostname="LTIN3096" name="restAPI.PatchRequest" tests="1" failures="0" timestamp="08 Dec 2022 16:42:09 GMT" time="1.425" errors="0">
  <testcase name="test1" time="1.425" classname="restAPI.PatchRequest"/>
</testsuite> <!-- restAPI.PatchRequest -->
